<?xml version="1.0" encoding="UTF-8"?>
<testng-results ignored="0" total="2" passed="2" failed="0" skipped="0">
  <reporter-output>
  </reporter-output>
  <suite started-at="2026-02-24T19:54:51 MST" name="Default suite" finished-at="2026-02-24T19:54:57 MST" duration-ms="5177">
    <groups>
    </groups>
    <test started-at="2026-02-24T19:54:51 MST" name="Default test" finished-at="2026-02-24T19:54:57 MST" duration-ms="5177">
      <class name="org.com.projects.SeleniumProjects.project1.LoginLogout">
        <test-method signature="loginTest(java.util.HashMap)[pri:0, instance:org.com.projects.SeleniumProjects.project1.LoginLogout@368f2016]" started-at="2026-02-24T19:54:51 MST" name="loginTest" data-provider="getData" finished-at="2026-02-24T19:54:54 MST" duration-ms="2731" status="PASS">
          <params>
            <param index="0">
              <value>
                <![CDATA[{email=savitha.mani@yahoo.com}]]>
              </value>
            </param>
          </params>
          <reporter-output>
          </reporter-output>
        </test-method> <!-- loginTest -->
        <test-method signature="loginTest(java.util.HashMap)[pri:0, instance:org.com.projects.SeleniumProjects.project1.LoginLogout@368f2016]" started-at="2026-02-24T19:54:54 MST" name="loginTest" data-provider="getData" finished-at="2026-02-24T19:54:57 MST" duration-ms="2408" status="PASS">
          <params>
            <param index="0">
              <value>
                <![CDATA[{email=savith1a.mani@yahoo.com}]]>
              </value>
            </param>
          </params>
          <reporter-output>
          </reporter-output>
        </test-method> <!-- loginTest -->
      </class> <!-- org.com.projects.SeleniumProjects.project1.LoginLogout -->
    </test> <!-- Default test -->
  </suite> <!-- Default suite -->
</testng-results>
