<?xml version="1.0" encoding="UTF-8"?>
<!-- Generated by org.testng.reporters.JUnitReportReporter -->
<testsuite hostname="Savi" failures="0" tests="2" name="org.com.projects.SeleniumProjects.project1.LoginLogout" time="5.139" errors="0" timestamp="2026-02-24T19:54:57 MST" skipped="0">
  <testcase classname="org.com.projects.SeleniumProjects.project1.LoginLogout" name="loginTest" time="2.408"/>
  <testcase classname="org.com.projects.SeleniumProjects.project1.LoginLogout" name="loginTest" time="2.731"/>
</testsuite> <!-- org.com.projects.SeleniumProjects.project1.LoginLogout -->
